<?xml version="1.0" encoding="UTF-8"?>
<!-- Generated by org.testng.reporters.JUnitReportReporter -->
<testsuite hostname="Diptikanta" failures="0" tests="1" name="demo.Assert" time="5.120" errors="0" timestamp="2023-05-23T14:46:16 IST" skipped="0">
  <testcase classname="demo.Assert" name="testAssertFunctions" time="5.120"/>
  <system-out/>
</testsuite> <!-- demo.Assert -->
