<?xml version="1.0" encoding="UTF-8"?>
<!-- Generated by org.testng.reporters.JUnitReportReporter -->
<testsuite hostname="DESKTOP-OH2L0KI" failures="0" tests="1" name="demo.Securitycockpittext" time="15.754" errors="0" timestamp="2024-06-25T10:48:42 IST" skipped="0">
  <testcase classname="demo.Securitycockpittext" name="Security" time="15.754"/>
</testsuite> <!-- demo.Securitycockpittext -->
