<?xml version="1.0" encoding="UTF-8"?>
<!-- Generated by org.testng.reporters.JUnitReportReporter -->
<testsuite hostname="Diptikanta" failures="0" tests="1" name="demo.Prority" time="0.850" errors="0" timestamp="2023-05-26T09:48:10 IST" skipped="0">
  <testcase classname="demo.Prority" name="test" time="0.850"/>
  <system-out/>
</testsuite> <!-- demo.Prority -->
