<?xml version="1.0" encoding="UTF-8"?>
<!-- Generated by org.testng.reporters.JUnitReportReporter -->
<testsuite hostname="Diptikanta" failures="0" tests="1" name="demo.SodDashboard" time="4.891" errors="0" timestamp="2023-05-09T11:08:35 IST" skipped="0">
  <testcase classname="demo.SodDashboard" name="TC_ID_" time="4.891"/>
  <system-out/>
</testsuite> <!-- demo.SodDashboard -->
