<?xml version="1.0" encoding="UTF-8"?>
<!-- Generated by org.testng.reporters.JUnitReportReporter -->
<testsuite hostname="Diptikanta" failures="0" tests="1" name="demo.Data" time="0.445" errors="0" timestamp="2023-06-12T11:42:56 IST" skipped="0">
  <testcase classname="demo.Data" name="Dipti" time="0.445"/>
  <system-out/>
</testsuite> <!-- demo.Data -->
