<?xml version="1.0" encoding="UTF-8"?>
<!-- Generated by org.testng.reporters.JUnitReportReporter -->
<testsuite hostname="Diptikanta" failures="0" tests="1" name="demo.DevloperPage" time="17.595" errors="0" timestamp="2023-04-22T15:06:22 IST" skipped="0">
  <testcase classname="demo.DevloperPage" name="DeveloperPage" time="17.595"/>
  <system-out/>
</testsuite> <!-- demo.DevloperPage -->
