<?xml version="1.0" encoding="UTF-8"?>
<!-- Generated by org.testng.reporters.JUnitReportReporter -->
<testsuite hostname="DESKTOP-OH2L0KI" failures="0" tests="1" name="demo.demo" time="0.009" errors="0" timestamp="2023-12-18T14:04:04 IST" skipped="0">
  <testcase classname="demo.demo" name="demo" time="0.009"/>
</testsuite> <!-- demo.demo -->
