<?xml version="1.0" encoding="UTF-8"?>
<!-- Generated by org.testng.reporters.JUnitReportReporter -->
<testsuite hostname="Diptikanta" failures="0" tests="1" name="demo.CClass1" time="16.602" errors="0" timestamp="2023-03-31T22:07:52 IST" skipped="0">
  <testcase classname="demo.CClass1" name="m1" time="16.602"/>
  <system-out/>
</testsuite> <!-- demo.CClass1 -->
