<?xml version="1.0" encoding="UTF-8"?>
<!-- Generated by org.testng.reporters.JUnitReportReporter -->
<testsuite hostname="Diptikanta" failures="0" tests="1" name="demo.Test3" time="13.545" errors="0" timestamp="2023-04-19T22:27:35 IST" skipped="0">
  <testcase classname="demo.Test3" name="Tc_ID_003" time="13.545"/>
  <system-out/>
</testsuite> <!-- demo.Test3 -->
