<?xml version="1.0" encoding="UTF-8"?>
<!-- Generated by org.testng.reporters.JUnitReportReporter -->
<testsuite hostname="DESKTOP-OH2L0KI" failures="0" tests="1" name="demo.login" time="5.513" errors="0" timestamp="2024-06-25T11:15:13 IST" skipped="0">
  <testcase classname="demo.login" name="LoginPage" time="5.513"/>
</testsuite> <!-- demo.login -->
