<?xml version="1.0" encoding="UTF-8"?>
<!-- Generated by org.testng.reporters.JUnitReportReporter -->
<testsuite hostname="DESKTOP-OH2L0KI" failures="0" tests="1" name="demo.Securitycockpittext" time="16.397" errors="0" timestamp="2024-08-26T15:19:56 IST" skipped="0">
  <testcase classname="demo.Securitycockpittext" name="Security" time="16.397"/>
</testsuite> <!-- demo.Securitycockpittext -->
